Elite = mu=59.821, sigma=1.382
Vakaeltraz = mu=56.843, sigma=1.153
J_sk8 = mu=54.466, sigma=1.144
Rosalyan = mu=63.029, sigma=4.720
Melwin = mu=52.432, sigma=1.387
Clem = mu=50.255, sigma=1.240
Lu_K = mu=51.535, sigma=2.063
Oleas = mu=56.247, sigma=4.235
Thaumas = mu=51.464, sigma=2.719
JeanCube = mu=51.407, sigma=2.999
Ether-Zero = mu=52.986, sigma=4.335
Daytona_69 = mu=45.619, sigma=2.056
Rayou = mu=54.347, sigma=5.406
Tomwilson = mu=49.867, sigma=4.522
Brook1l = mu=43.382, sigma=2.539
Hardox = mu=40.936, sigma=2.108
Camou = mu=44.526, sigma=3.567
Kemoory = mu=40.491, sigma=2.254
Fozlo = mu=37.930, sigma=2.109
Mirijason = mu=39.097, sigma=5.607
Tomy = mu=37.760, sigma=5.334
