15/05/2025
Rosalyan = mu=67.328, sigma=3.195
Elite = mu=59.425, sigma=1.219
Vakaeltraz = mu=56.197, sigma=1.015
J_sk8 = mu=54.770, sigma=1.070
Lu_K = mu=53.132, sigma=1.589
Melwin = mu=51.573, sigma=1.171
Clem = mu=50.144, sigma=1.104
JeanCube = mu=52.287, sigma=2.284
Oleas = mu=56.247, sigma=4.235
Thaumas = mu=51.464, sigma=2.719
Daytona_69 = mu=47.395, sigma=1.733
Ether-Zero = mu=52.986, sigma=4.335
Rayou = mu=54.347, sigma=5.406
Tomwilson = mu=49.867, sigma=4.522
Brook1l = mu=43.498, sigma=2.413
Hardox = mu=40.936, sigma=2.108
Kemoory = mu=40.491, sigma=2.254
Camou = mu=42.971, sigma=3.181
Fozlo = mu=37.814, sigma=2.073
Mirijason = mu=39.097, sigma=5.607
